/*C4*/SET SCHEMA PUBLIC
CONNECT USER SA
DISCONNECT
/*C5*/SET SCHEMA PUBLIC
CONNECT USER SA
SET AUTOCOMMIT FALSE
DELETE FROM DESENHO_IDIOMA WHERE DESENHO_ID=4 AND IDIOMA_ID=0
DELETE FROM DESENHO_IDIOMA WHERE DESENHO_ID=4 AND IDIOMA_ID=2
DELETE FROM DESENHO_IDIOMA WHERE DESENHO_ID=4 AND IDIOMA_ID=0
DELETE FROM DESENHO WHERE ID=4
COMMIT
DISCONNECT
/*C6*/SET SCHEMA PUBLIC
CONNECT USER SA
DISCONNECT
/*C7*/SET SCHEMA PUBLIC
CONNECT USER SA
SET AUTOCOMMIT FALSE
DELETE FROM DESENHO_IDIOMA WHERE DESENHO_ID=10 AND IDIOMA_ID=0
DELETE FROM DESENHO_IDIOMA WHERE DESENHO_ID=10 AND IDIOMA_ID=2
DELETE FROM DESENHO WHERE ID=10
COMMIT
DISCONNECT
/*C8*/SET SCHEMA PUBLIC
CONNECT USER SA
DISCONNECT
/*C9*/SET SCHEMA PUBLIC
CONNECT USER SA
SET AUTOCOMMIT FALSE
DELETE FROM DESENHO WHERE ID=11
COMMIT
DISCONNECT
/*C10*/SET SCHEMA PUBLIC
CONNECT USER SA
DISCONNECT
/*C11*/SET SCHEMA PUBLIC
CONNECT USER SA
SET AUTOCOMMIT FALSE
DELETE FROM DESENHO WHERE ID=12
COMMIT
DISCONNECT
/*C12*/SET SCHEMA PUBLIC
CONNECT USER SA
DISCONNECT
/*C13*/SET SCHEMA PUBLIC
CONNECT USER SA
SET AUTOCOMMIT FALSE
DELETE FROM DESENHO_EPISODIO WHERE ID=7
DELETE FROM DESENHO WHERE ID=19
COMMIT
DISCONNECT
/*C14*/SET SCHEMA PUBLIC
CONNECT USER SA
DISCONNECT
/*C15*/SET SCHEMA PUBLIC
CONNECT USER SA
SET AUTOCOMMIT FALSE
DELETE FROM DESENHO_IDIOMA WHERE DESENHO_ID=27 AND IDIOMA_ID=0
DELETE FROM DESENHO_EPISODIO WHERE ID=14
DELETE FROM DESENHO WHERE ID=27
COMMIT
DISCONNECT
/*C16*/SET SCHEMA PUBLIC
CONNECT USER SA
DISCONNECT
/*C17*/SET SCHEMA PUBLIC
CONNECT USER SA
SET AUTOCOMMIT FALSE
DELETE FROM DESENHO_IDIOMA WHERE DESENHO_ID=29 AND IDIOMA_ID=4
DELETE FROM DESENHO WHERE ID=29
COMMIT
DISCONNECT
/*C18*/SET SCHEMA PUBLIC
CONNECT USER SA
DISCONNECT
/*C19*/SET SCHEMA PUBLIC
CONNECT USER SA
DISCONNECT
/*C20*/SET SCHEMA PUBLIC
CONNECT USER SA
DELETE FROM IDIOMA WHERE ID=0
DISCONNECT
/*C21*/SET SCHEMA PUBLIC
CONNECT USER SA
DISCONNECT
/*C22*/SET SCHEMA PUBLIC
CONNECT USER SA
DELETE FROM IDIOMA WHERE ID=2
DISCONNECT
/*C23*/SET SCHEMA PUBLIC
CONNECT USER SA
DISCONNECT
/*C24*/SET SCHEMA PUBLIC
CONNECT USER SA
DELETE FROM IDIOMA WHERE ID=4
DISCONNECT
/*C25*/SET SCHEMA PUBLIC
CONNECT USER SA
DISCONNECT
/*C26*/SET SCHEMA PUBLIC
CONNECT USER SA
DISCONNECT
/*C27*/SET SCHEMA PUBLIC
CONNECT USER SA
INSERT INTO IDIOMA VALUES(5,'Portugues','DOLBY_DIGITAL_2')
DISCONNECT
/*C28*/SET SCHEMA PUBLIC
CONNECT USER SA
DISCONNECT
/*C29*/SET SCHEMA PUBLIC
CONNECT USER SA
DISCONNECT
/*C30*/SET SCHEMA PUBLIC
CONNECT USER SA
INSERT INTO IDIOMA VALUES(6,'Ingles','DOLBY_DIGITAL_2')
DISCONNECT
/*C31*/SET SCHEMA PUBLIC
CONNECT USER SA
DISCONNECT
/*C32*/SET SCHEMA PUBLIC
CONNECT USER SA
DISCONNECT
/*C33*/SET SCHEMA PUBLIC
CONNECT USER SA
INSERT INTO IDIOMA VALUES(7,'Alemao','TRUE_HD')
DISCONNECT
/*C34*/SET SCHEMA PUBLIC
CONNECT USER SA
DISCONNECT
/*C35*/SET SCHEMA PUBLIC
CONNECT USER SA
DISCONNECT
/*C36*/SET SCHEMA PUBLIC
CONNECT USER SA
INSERT INTO IDIOMA VALUES(8,'Polones','DTS')
DISCONNECT
/*C37*/SET SCHEMA PUBLIC
CONNECT USER SA
DISCONNECT
/*C38*/SET SCHEMA PUBLIC
CONNECT USER SA
DISCONNECT
/*C39*/SET SCHEMA PUBLIC
CONNECT USER SA
DISCONNECT
/*C40*/SET SCHEMA PUBLIC
CONNECT USER SA
SET AUTOCOMMIT FALSE
INSERT INTO DESENHO VALUES(30,'DVD Naruto',15,84,'COLORIDO',2008,'ANOS_12',4,'PORTUGUES','RESOLUCAO_4_3','BRASIL','Continua a luta entre Gaara e Rock Lee pelas preliminares que definir\u00c3\u00a3o quais ninja passam para a terceira fase da Prova Chunin. Gaara \u00c3\u00a9 surpreendido quando Lee surge com um movimento proibido que pode colocar sua pr\u00c3\u00b3pria vida em risco em prol da derrota do advers\u00c3\u00a1rio. Ao final das preliminares, o Hokage revela como ser\u00c3\u00a1 a prova da terceira fase. Nas sombras, Orochimaru se mant\u00c3\u00a9m pr\u00c3\u00b3ximo de Sasuke - que ser\u00c3\u00a1 treinado por Kakashi. E para a prepara\u00c3\u00a7\u00c3\u00a3o de Naruto, Kakashi escolhe Ebisu, que acha que o jovem ninja ainda n\u00c3\u00a3o tem controle suficiente de seu chakra. Mas ele vai mostrar que as coisas n\u00c3\u00a3o s\u00c3\u00a3o bem assim... ',24.9)
INSERT INTO DESENHO_IDIOMA VALUES(30,6)
INSERT INTO DESENHO_IDIOMA VALUES(30,5)
INSERT INTO DESENHO_EPISODIO VALUES(15,'A for\u00c3\u00a7a oculta de Lee: um jutsu secreto proibido ',30)
INSERT INTO DESENHO_EPISODIO VALUES(16,'O quinto port\u00c3\u00a3o: um ninja espl\u00c3\u00aandido ',30)
INSERT INTO DESENHO_EPISODIO VALUES(17,'Uma sombra na escurid\u00c3\u00a3o: o perigo se aproxima a Sasuke ',30)
INSERT INTO DESENHO_EPISODIO VALUES(18,'Ebisu volta: o treinamento mais duro de Naruto ',30)
COMMIT
DISCONNECT
/*C41*/SET SCHEMA PUBLIC
CONNECT USER SA
DISCONNECT
/*C42*/SET SCHEMA PUBLIC
CONNECT USER SA
DISCONNECT
/*C43*/SET SCHEMA PUBLIC
CONNECT USER SA
SET AUTOCOMMIT FALSE
INSERT INTO DESENHO VALUES(31,'DVD Dragon Ball Z',1,NULL,'COLORIDO',NULL,'ANOS_12',NULL,'PORTUGUES','FULLSCREEN','BRASIL','',24.9)
INSERT INTO DESENHO_IDIOMA VALUES(31,5)
COMMIT
DISCONNECT
/*C44*/SET SCHEMA PUBLIC
CONNECT USER SA
DISCONNECT
/*C45*/SET SCHEMA PUBLIC
CONNECT USER SA
DISCONNECT
/*C46*/SET SCHEMA PUBLIC
CONNECT USER SA
SET AUTOCOMMIT FALSE
DELETE FROM DESENHO WHERE ID=31
INSERT INTO DESENHO VALUES(31,'DVD Dragon Ball Z',1,NULL,'COLORIDO',NULL,'ANOS_12',NULL,'PORTUGUES','FULLSCREEN','BRASIL','',16.4)
DELETE FROM DESENHO_IDIOMA WHERE DESENHO_ID=31 AND IDIOMA_ID=5
INSERT INTO DESENHO_IDIOMA VALUES(31,5)
COMMIT
DISCONNECT
/*C47*/SET SCHEMA PUBLIC
CONNECT USER SA
DISCONNECT
